Arguments: 
  /Users/tmorrow/.nvm/versions/node/v10.16.3/bin/node /Users/tmorrow/.nvm/versions/node/v10.16.3/bin/yarn add @storybook

PATH: 
  /Users/tmorrow/.nvm/versions/node/v10.16.3/bin:/usr/local/bin:/usr/bin:/bin:/usr/sbin:/sbin:/Applications/VMware Fusion.app/Contents/Public:/usr/local/share/dotnet:~/.dotnet/tools:/Library/Frameworks/Mono.framework/Versions/Current/Commands:/Applications/Xamarin Workbooks.app/Contents/SharedSupport/path-bin:/opt/local/bin:/opt/local/sbin

Yarn version: 
  1.22.4

Node version: 
  10.16.3

Platform: 
  darwin x64

Trace: 
  Error: https://registry.yarnpkg.com/@storybook: Request "https://registry.yarnpkg.com/@storybook" returned a 405
      at Request.params.callback [as _callback] (/Users/tmorrow/.nvm/versions/node/v10.16.3/lib/node_modules/yarn/lib/cli.js:66996:18)
      at Request.self.callback (/Users/tmorrow/.nvm/versions/node/v10.16.3/lib/node_modules/yarn/lib/cli.js:140748:22)
      at Request.emit (events.js:198:13)
      at Request.<anonymous> (/Users/tmorrow/.nvm/versions/node/v10.16.3/lib/node_modules/yarn/lib/cli.js:141720:10)
      at Request.emit (events.js:198:13)
      at IncomingMessage.<anonymous> (/Users/tmorrow/.nvm/versions/node/v10.16.3/lib/node_modules/yarn/lib/cli.js:141642:12)
      at Object.onceWrapper (events.js:286:20)
      at IncomingMessage.emit (events.js:203:15)
      at endReadableNT (_stream_readable.js:1145:12)
      at process._tickCallback (internal/process/next_tick.js:63:19)

npm manifest: 
  {
    "name": "test-app",
    "version": "0.0.0",
    "scripts": {
      "ng": "ng",
      "start": "ng serve",
      "build": "ng build",
      "test": "ng test",
      "lint": "ng lint",
      "e2e": "ng e2e"
    },
    "private": true,
    "dependencies": {
      "@angular/animations": "^9.1.9",
      "@angular/cdk": "^9.2.4",
      "@angular/common": "~9.1.9",
      "@angular/compiler": "~9.1.9",
      "@angular/core": "~9.1.9",
      "@angular/forms": "~9.1.9",
      "@angular/material": "^9.2.4",
      "@angular/platform-browser": "~9.1.9",
      "@angular/platform-browser-dynamic": "~9.1.9",
      "@angular/router": "~9.1.9",
      "crem-lib": "^0.3.1",
      "devextreme": "20.1.4",
      "devextreme-angular": "20.1.4",
      "devextreme-schematics": "^1.2.1",
      "rxjs": "~6.5.4",
      "tslib": "^1.10.0",
      "zone.js": "~0.10.2"
    },
    "devDependencies": {
      "@angular-devkit/build-angular": "~0.901.8",
      "@angular/cli": "~9.1.8",
      "@angular/compiler-cli": "~9.1.9",
      "@types/jasmine": "~3.5.0",
      "@types/jasminewd2": "~2.0.3",
      "@types/node": "^12.11.1",
      "codelyzer": "^5.1.2",
      "devextreme-cli": "latest",
      "devextreme-themebuilder": "20.1-stable",
      "jasmine-core": "~3.5.0",
      "jasmine-spec-reporter": "~4.2.1",
      "jszip": "^3.5.0",
      "karma": "~5.0.0",
      "karma-chrome-launcher": "~3.1.0",
      "karma-coverage-istanbul-reporter": "~2.1.0",
      "karma-jasmine": "~3.0.1",
      "karma-jasmine-html-reporter": "^1.4.2",
      "protractor": "~7.0.0",
      "ts-node": "~8.3.0",
      "tslint": "~6.1.0",
      "typescript": "~3.8.3"
    }
  }

yarn manifest: 
  No manifest

Lockfile: 
  No lockfile
